<?xml version="1.0" encoding="UTF-8"?>
<robot generator="Robot 7.2 (Python 3.12.5 on win32)" generated="2026-01-19T17:00:49.158131" rpa="false" schemaversion="5">
<suite id="s1" name="Test Teardown" source="C:\Users\Pitinai.c\OneDrive - doppiotech.com\Documents\GitHub\pitinai_c_doppio\old_file\test_teardown.robot">
<test id="s1-t1" name="TC_001 - Test Fail" line="32">
<kw name="Open Browser">
<kw name="New Browser" owner="Browser">
<msg time="2026-01-19T17:00:49.524107" level="INFO">{"browser": "chromium", "headless": false, "chromiumSandbox": false, "devtools": false, "handleSIGHUP": true, "handleSIGINT": true, "handleSIGTERM": true, "slowMo": 0.0, "timeout": 30000.0, "tracesDir": "C:\\Users\\Pitinai.c\\OneDrive - doppiotech.com\\Documents\\GitHub\\pitinai_c_doppio\\old_file\\report\\browser\\traces\\temp\\cf9c4ca9-2fc3-4d24-8704-0fa6c6be4fe1"}</msg>
<msg time="2026-01-19T17:00:49.551396" level="INFO">Starting Browser process C:\Users\Pitinai.c\AppData\Local\Programs\Python\Python312\Lib\site-packages\Browser\wrapper\index.js using at 127.0.0.1:63206</msg>
<msg time="2026-01-19T17:00:50.920870" level="INFO">Successfully created browser with options: {"browser":"chromium","headless":false,"chromiumSandbox":false,"devtools":false,"handleSIGHUP":true,"handleSIGINT":true,"handleSIGTERM":true,"slowMo":0,"timeout":30000,"tracesDir":"C:\\Users\\Pitinai.c\\OneDrive - doppiotech.com\\Documents\\GitHub\\pitinai_c_doppio\\old_file\\report\\browser\\traces\\temp\\cf9c4ca9-2fc3-4d24-8704-0fa6c6be4fe1"}</msg>
<arg>chromium</arg>
<arg>headless=False</arg>
<tag>BrowserControl</tag>
<tag>Setter</tag>
<doc>Create a new playwright Browser with specified options.</doc>
<status status="PASS" start="2026-01-19T17:00:49.524107" elapsed="1.396763"/>
</kw>
<kw name="New Page" owner="Browser">
<msg time="2026-01-19T17:00:51.877466" level="INFO">Successfully initialized new page object and opened url: https://training-platform.doppio-tech.com/</msg>
<msg time="2026-01-19T17:00:51.877466" level="INFO">No context was open. New context was automatically opened when this page is created.</msg>
<arg>${url}</arg>
<tag>BrowserControl</tag>
<tag>Setter</tag>
<doc>Open a new Page.</doc>
<status status="PASS" start="2026-01-19T17:00:50.921883" elapsed="0.956580"/>
</kw>
<kw name="Set Viewport Size" owner="Browser">
<msg time="2026-01-19T17:00:51.883096" level="INFO">Set viewport size to: [object Object]</msg>
<arg>1920</arg>
<arg>1080</arg>
<tag>BrowserControl</tag>
<tag>Setter</tag>
<doc>Sets current Pages viewport size to specified dimensions.</doc>
<status status="PASS" start="2026-01-19T17:00:51.878463" elapsed="0.011651"/>
</kw>
<arg>${url}</arg>
<status status="PASS" start="2026-01-19T17:00:49.524107" elapsed="2.366007"/>
</kw>
<kw name="Test Evaluate Fail">
<kw name="Evaluate" owner="BuiltIn">
<msg time="2026-01-19T17:00:51.892122" level="INFO">${result} = False</msg>
<var>${result}</var>
<arg>10 &gt; 20</arg>
<doc>Evaluates the given expression in Python and returns the result.</doc>
<status status="PASS" start="2026-01-19T17:00:51.891121" elapsed="0.001001"/>
</kw>
<kw name="Should Be True" owner="BuiltIn">
<msg time="2026-01-19T17:00:51.893133" level="FAIL">'False' should be true.</msg>
<arg>${result}</arg>
<doc>Fails if the given condition is not true.</doc>
<status status="FAIL" start="2026-01-19T17:00:51.892122" elapsed="0.001011">'False' should be true.</status>
</kw>
<status status="FAIL" start="2026-01-19T17:00:51.890114" elapsed="0.003019">'False' should be true.</status>
</kw>
<kw name="Capture And Close On Teardown" type="TEARDOWN">
<kw name="Run Keyword If Test Failed" owner="BuiltIn">
<kw name="Take Screenshot" owner="Browser">
<msg time="2026-01-19T17:00:52.091552" level="INFO" html="true">&lt;/td&gt;&lt;/tr&gt;&lt;tr&gt;&lt;td colspan="3"&gt;&lt;a href="browser/screenshot/Output/test_fail.png.png" target="_blank"&gt;&lt;img src="browser/screenshot/Output/test_fail.png.png" width="800px"/&gt;&lt;/a&gt;</msg>
<arg>filename=Output/test_fail.png</arg>
<tag>PageContent</tag>
<doc>Takes a screenshot of the current window or element and saves it to disk.</doc>
<status status="PASS" start="2026-01-19T17:00:51.895241" elapsed="0.196311"/>
</kw>
<arg>Take Screenshot</arg>
<arg>filename=Output/test_fail.png</arg>
<doc>Runs the given keyword with the given arguments, if the test failed.</doc>
<status status="PASS" start="2026-01-19T17:00:51.894139" elapsed="0.197413"/>
</kw>
<kw name="Close Browser">
<kw name="Close Browser" owner="Browser">
<msg time="2026-01-19T17:00:52.716154" level="INFO">Closed browser</msg>
<tag>BrowserControl</tag>
<tag>Setter</tag>
<doc>Closes the current browser.</doc>
<status status="PASS" start="2026-01-19T17:00:52.091552" elapsed="0.624602"/>
</kw>
<status status="PASS" start="2026-01-19T17:00:52.091552" elapsed="0.624602"/>
</kw>
<status status="PASS" start="2026-01-19T17:00:51.894139" elapsed="0.822015"/>
</kw>
<status status="FAIL" start="2026-01-19T17:00:49.522148" elapsed="3.194006">'False' should be true.</status>
</test>
<test id="s1-t2" name="TC_002 - Test Pass" line="36">
<kw name="Open Browser">
<kw name="New Browser" owner="Browser">
<msg time="2026-01-19T17:00:52.744422" level="INFO">{"browser": "chromium", "headless": false, "chromiumSandbox": false, "devtools": false, "handleSIGHUP": true, "handleSIGINT": true, "handleSIGTERM": true, "slowMo": 0.0, "timeout": 30000.0, "tracesDir": "C:\\Users\\Pitinai.c\\OneDrive - doppiotech.com\\Documents\\GitHub\\pitinai_c_doppio\\old_file\\report\\browser\\traces\\temp\\a906bf20-81cd-4eb8-b4dd-7404a6acca4b"}</msg>
<msg time="2026-01-19T17:00:52.941472" level="INFO">Successfully created browser with options: {"browser":"chromium","headless":false,"chromiumSandbox":false,"devtools":false,"handleSIGHUP":true,"handleSIGINT":true,"handleSIGTERM":true,"slowMo":0,"timeout":30000,"tracesDir":"C:\\Users\\Pitinai.c\\OneDrive - doppiotech.com\\Documents\\GitHub\\pitinai_c_doppio\\old_file\\report\\browser\\traces\\temp\\a906bf20-81cd-4eb8-b4dd-7404a6acca4b"}</msg>
<arg>chromium</arg>
<arg>headless=False</arg>
<tag>BrowserControl</tag>
<tag>Setter</tag>
<doc>Create a new playwright Browser with specified options.</doc>
<status status="PASS" start="2026-01-19T17:00:52.744422" elapsed="0.197050"/>
</kw>
<kw name="New Page" owner="Browser">
<msg time="2026-01-19T17:00:54.138391" level="INFO">Successfully initialized new page object and opened url: https://training-platform.doppio-tech.com/</msg>
<msg time="2026-01-19T17:00:54.138391" level="INFO">No context was open. New context was automatically opened when this page is created.</msg>
<arg>${url}</arg>
<tag>BrowserControl</tag>
<tag>Setter</tag>
<doc>Open a new Page.</doc>
<status status="PASS" start="2026-01-19T17:00:52.941472" elapsed="1.196919"/>
</kw>
<kw name="Set Viewport Size" owner="Browser">
<msg time="2026-01-19T17:00:54.147647" level="INFO">Set viewport size to: [object Object]</msg>
<arg>1920</arg>
<arg>1080</arg>
<tag>BrowserControl</tag>
<tag>Setter</tag>
<doc>Sets current Pages viewport size to specified dimensions.</doc>
<status status="PASS" start="2026-01-19T17:00:54.138391" elapsed="0.009256"/>
</kw>
<arg>${url}</arg>
<status status="PASS" start="2026-01-19T17:00:52.744422" elapsed="1.403225"/>
</kw>
<kw name="Test Evaluate Pass">
<kw name="Evaluate" owner="BuiltIn">
<msg time="2026-01-19T17:00:54.153192" level="INFO">${result} = True</msg>
<var>${result}</var>
<arg>10 &lt; 20</arg>
<doc>Evaluates the given expression in Python and returns the result.</doc>
<status status="PASS" start="2026-01-19T17:00:54.153192" elapsed="0.000000"/>
</kw>
<kw name="Should Be True" owner="BuiltIn">
<arg>${result}</arg>
<doc>Fails if the given condition is not true.</doc>
<status status="PASS" start="2026-01-19T17:00:54.153192" elapsed="0.000000"/>
</kw>
<status status="PASS" start="2026-01-19T17:00:54.147647" elapsed="0.005545"/>
</kw>
<kw name="Capture And Close On Teardown" type="TEARDOWN">
<kw name="Run Keyword If Test Failed" owner="BuiltIn">
<arg>Take Screenshot</arg>
<arg>filename=Output/test_fail.png</arg>
<doc>Runs the given keyword with the given arguments, if the test failed.</doc>
<status status="PASS" start="2026-01-19T17:00:54.153192" elapsed="0.000000"/>
</kw>
<kw name="Close Browser">
<kw name="Close Browser" owner="Browser">
<msg time="2026-01-19T17:00:54.466880" level="INFO">Closed browser</msg>
<tag>BrowserControl</tag>
<tag>Setter</tag>
<doc>Closes the current browser.</doc>
<status status="PASS" start="2026-01-19T17:00:54.156778" elapsed="0.310102"/>
</kw>
<status status="PASS" start="2026-01-19T17:00:54.153192" elapsed="0.313688"/>
</kw>
<status status="PASS" start="2026-01-19T17:00:54.153192" elapsed="0.313688"/>
</kw>
<status status="PASS" start="2026-01-19T17:00:52.744422" elapsed="1.723548"/>
</test>
<status status="FAIL" start="2026-01-19T17:00:49.158131" elapsed="5.333758"/>
</suite>
<statistics>
<total>
<stat pass="1" fail="1" skip="0">All Tests</stat>
</total>
<tag>
</tag>
<suite>
<stat name="Test Teardown" id="s1" pass="1" fail="1" skip="0">Test Teardown</stat>
</suite>
</statistics>
<errors>
</errors>
</robot>
