<?xml version="1.0" encoding="UTF-8"?>
<robot generator="Robot 7.2 (Python 3.12.5 on win32)" generated="2026-01-19T16:15:04.931658" rpa="false" schemaversion="5">
<suite id="s1" name="TC 001" source="C:\Users\Pitinai.c\OneDrive - doppiotech.com\Documents\GitHub\pitinai_c_doppio\Milestone3_Bitazza\testcases\TC_001.robot">
<test id="s1-t1" name="TC_001 - Verify Coin Name And Price" line="5">
<kw name="Open Browser" owner="common">
<kw name="New Browser" owner="Browser">
<msg time="2026-01-19T16:15:05.166885" level="INFO">{"browser": "chromium", "headless": false, "chromiumSandbox": false, "devtools": false, "handleSIGHUP": true, "handleSIGINT": true, "handleSIGTERM": true, "slowMo": 0.0, "timeout": 30000.0, "tracesDir": "C:\\Users\\Pitinai.c\\OneDrive - doppiotech.com\\Documents\\GitHub\\pitinai_c_doppio\\Milestone3_Bitazza\\testcases\\report\\browser\\traces\\temp\\31a60b15-4c02-442e-80f4-1cf227119d1f"}</msg>
<msg time="2026-01-19T16:15:05.201552" level="INFO">Starting Browser process C:\Users\Pitinai.c\AppData\Local\Programs\Python\Python312\Lib\site-packages\Browser\wrapper\index.js using at 127.0.0.1:49343</msg>
<msg time="2026-01-19T16:15:06.721717" level="INFO">Successfully created browser with options: {"browser":"chromium","headless":false,"chromiumSandbox":false,"devtools":false,"handleSIGHUP":true,"handleSIGINT":true,"handleSIGTERM":true,"slowMo":0,"timeout":30000,"tracesDir":"C:\\Users\\Pitinai.c\\OneDrive - doppiotech.com\\Documents\\GitHub\\pitinai_c_doppio\\Milestone3_Bitazza\\testcases\\report\\browser\\traces\\temp\\31a60b15-4c02-442e-80f4-1cf227119d1f"}</msg>
<arg>chromium</arg>
<arg>headless=False</arg>
<tag>BrowserControl</tag>
<tag>Setter</tag>
<doc>Create a new playwright Browser with specified options.</doc>
<status status="PASS" start="2026-01-19T16:15:05.166885" elapsed="1.556840"/>
</kw>
<kw name="New Page" owner="Browser">
<msg time="2026-01-19T16:15:09.259323" level="INFO">Successfully initialized new page object and opened url: https://bitazza.co.th/home</msg>
<msg time="2026-01-19T16:15:09.259323" level="INFO">No context was open. New context was automatically opened when this page is created.</msg>
<arg>${url}</arg>
<tag>BrowserControl</tag>
<tag>Setter</tag>
<doc>Open a new Page.</doc>
<status status="PASS" start="2026-01-19T16:15:06.723725" elapsed="2.535598"/>
</kw>
<kw name="Set Viewport Size" owner="Browser">
<msg time="2026-01-19T16:15:09.294223" level="INFO">Set viewport size to: [object Object]</msg>
<arg>1920</arg>
<arg>1080</arg>
<tag>BrowserControl</tag>
<tag>Setter</tag>
<doc>Sets current Pages viewport size to specified dimensions.</doc>
<status status="PASS" start="2026-01-19T16:15:09.260915" elapsed="0.035323"/>
</kw>
<arg>${bitazza.url}</arg>
<status status="PASS" start="2026-01-19T16:15:05.166885" elapsed="4.129353"/>
</kw>
<kw name="Go To Trade Market Page" owner="market_page">
<kw name="Click Element when ready" owner="common">
<kw name="Wait For Elements State" owner="Browser">
<msg time="2026-01-19T16:15:09.342285" level="INFO">Waited for Element with selector xpath=//button[@id='dropdown-basic' and .//div[normalize-space(.)='ตลาดซื้อขาย']] at state visible</msg>
<arg>${locator}</arg>
<arg>visible</arg>
<arg>20s</arg>
<tag>PageContent</tag>
<tag>Wait</tag>
<doc>Waits for the element found by ``selector`` to satisfy state option.</doc>
<status status="PASS" start="2026-01-19T16:15:09.298378" elapsed="0.043907"/>
</kw>
<kw name="Click" owner="Browser">
<msg time="2026-01-19T16:15:09.342285" level="INFO">Clicks the element 'xpath=//button[@id='dropdown-basic' and .//div[normalize-space(.)='ตลาดซื้อขาย']]'.</msg>
<arg>${locator}</arg>
<tag>PageContent</tag>
<tag>Setter</tag>
<doc>Simulates mouse click on the element found by ``selector``.</doc>
<status status="PASS" start="2026-01-19T16:15:09.342285" elapsed="0.078985"/>
</kw>
<arg>${btn_home_market_menu}</arg>
<status status="PASS" start="2026-01-19T16:15:09.298378" elapsed="0.122892"/>
</kw>
<kw name="Click Element when ready" owner="common">
<kw name="Wait For Elements State" owner="Browser">
<msg time="2026-01-19T16:15:09.444400" level="INFO">Waited for Element with selector xpath=(//div[contains(@class,'HeaderNav_ItemTitle') and normalize-space(.)='ตลาดซื้อขาย'])[1] at state visible</msg>
<arg>${locator}</arg>
<arg>visible</arg>
<arg>20s</arg>
<tag>PageContent</tag>
<tag>Wait</tag>
<doc>Waits for the element found by ``selector`` to satisfy state option.</doc>
<status status="PASS" start="2026-01-19T16:15:09.429319" elapsed="0.015081"/>
</kw>
<kw name="Click" owner="Browser">
<msg time="2026-01-19T16:15:09.444400" level="INFO">Clicks the element 'xpath=(//div[contains(@class,'HeaderNav_ItemTitle') and normalize-space(.)='ตลาดซื้อขาย'])[1]'.</msg>
<arg>${locator}</arg>
<tag>PageContent</tag>
<tag>Setter</tag>
<doc>Simulates mouse click on the element found by ``selector``.</doc>
<status status="PASS" start="2026-01-19T16:15:09.444400" elapsed="0.391706"/>
</kw>
<arg>${ddl_home_market}</arg>
<status status="PASS" start="2026-01-19T16:15:09.421270" elapsed="0.414836"/>
</kw>
<kw name="Click Element when ready" owner="common">
<kw name="Wait For Elements State" owner="Browser">
<msg time="2026-01-19T16:15:11.811787" level="INFO">Waited for Element with selector xpath=//a[@id='header_market'] at state visible</msg>
<arg>${locator}</arg>
<arg>visible</arg>
<arg>20s</arg>
<tag>PageContent</tag>
<tag>Wait</tag>
<doc>Waits for the element found by ``selector`` to satisfy state option.</doc>
<status status="PASS" start="2026-01-19T16:15:09.836106" elapsed="1.975681"/>
</kw>
<kw name="Click" owner="Browser">
<msg time="2026-01-19T16:15:11.814602" level="INFO">Clicks the element 'xpath=//a[@id='header_market']'.</msg>
<arg>${locator}</arg>
<tag>PageContent</tag>
<tag>Setter</tag>
<doc>Simulates mouse click on the element found by ``selector``.</doc>
<status status="PASS" start="2026-01-19T16:15:11.811787" elapsed="0.532981"/>
</kw>
<arg>${btn_trade_market_menu}</arg>
<status status="PASS" start="2026-01-19T16:15:09.836106" elapsed="2.508662"/>
</kw>
<status status="PASS" start="2026-01-19T16:15:09.296238" elapsed="3.048530"/>
</kw>
<kw name="Check Coin Name In Table" owner="market_feature">
<kw name="Wait For Elements State" owner="Browser">
<msg time="2026-01-19T16:15:12.464019" level="INFO">Waited for Element with selector xpath=//tbody at state visible</msg>
<arg>${tbl_trade_market}</arg>
<tag>PageContent</tag>
<tag>Wait</tag>
<doc>Waits for the element found by ``selector`` to satisfy state option.</doc>
<status status="PASS" start="2026-01-19T16:15:12.346777" elapsed="0.117242"/>
</kw>
<for flavor="IN">
<iter>
<kw name="Format String" owner="String">
<msg time="2026-01-19T16:15:12.464019" level="INFO">${row_locator} = xpath=//tbody//tr[.//div[contains(@class,'text-product_h6') and normalize-space(.)='Bitcoin']]</msg>
<var>${row_locator}</var>
<arg>${tbl_trade_market_coin_name}</arg>
<arg>${coin}</arg>
<doc>Formats a ``template`` using the given ``positional`` and ``named`` arguments.</doc>
<status status="PASS" start="2026-01-19T16:15:12.464019" elapsed="0.000000"/>
</kw>
<kw name="Wait For Elements State" owner="Browser">
<msg time="2026-01-19T16:15:12.497015" level="INFO">Waited for Element with selector xpath=//tbody//tr[.//div[contains(@class,'text-product_h6') and normalize-space(.)='Bitcoin']] at state visible</msg>
<arg>${row_locator}</arg>
<tag>PageContent</tag>
<tag>Wait</tag>
<doc>Waits for the element found by ``selector`` to satisfy state option.</doc>
<status status="PASS" start="2026-01-19T16:15:12.464019" elapsed="0.032996"/>
</kw>
<var name="${coin}">Bitcoin</var>
<status status="PASS" start="2026-01-19T16:15:12.464019" elapsed="0.038012"/>
</iter>
<iter>
<kw name="Format String" owner="String">
<msg time="2026-01-19T16:15:12.502031" level="INFO">${row_locator} = xpath=//tbody//tr[.//div[contains(@class,'text-product_h6') and normalize-space(.)='Ethereum']]</msg>
<var>${row_locator}</var>
<arg>${tbl_trade_market_coin_name}</arg>
<arg>${coin}</arg>
<doc>Formats a ``template`` using the given ``positional`` and ``named`` arguments.</doc>
<status status="PASS" start="2026-01-19T16:15:12.502031" elapsed="0.000000"/>
</kw>
<kw name="Wait For Elements State" owner="Browser">
<msg time="2026-01-19T16:15:12.508387" level="INFO">Waited for Element with selector xpath=//tbody//tr[.//div[contains(@class,'text-product_h6') and normalize-space(.)='Ethereum']] at state visible</msg>
<arg>${row_locator}</arg>
<tag>PageContent</tag>
<tag>Wait</tag>
<doc>Waits for the element found by ``selector`` to satisfy state option.</doc>
<status status="PASS" start="2026-01-19T16:15:12.502031" elapsed="0.006356"/>
</kw>
<var name="${coin}">Ethereum</var>
<status status="PASS" start="2026-01-19T16:15:12.502031" elapsed="0.006356"/>
</iter>
<iter>
<kw name="Format String" owner="String">
<msg time="2026-01-19T16:15:12.513495" level="INFO">${row_locator} = xpath=//tbody//tr[.//div[contains(@class,'text-product_h6') and normalize-space(.)='Moo Deng']]</msg>
<var>${row_locator}</var>
<arg>${tbl_trade_market_coin_name}</arg>
<arg>${coin}</arg>
<doc>Formats a ``template`` using the given ``positional`` and ``named`` arguments.</doc>
<status status="PASS" start="2026-01-19T16:15:12.508387" elapsed="0.005108"/>
</kw>
<kw name="Wait For Elements State" owner="Browser">
<msg time="2026-01-19T16:15:12.521611" level="INFO">Waited for Element with selector xpath=//tbody//tr[.//div[contains(@class,'text-product_h6') and normalize-space(.)='Moo Deng']] at state visible</msg>
<arg>${row_locator}</arg>
<tag>PageContent</tag>
<tag>Wait</tag>
<doc>Waits for the element found by ``selector`` to satisfy state option.</doc>
<status status="PASS" start="2026-01-19T16:15:12.514054" elapsed="0.007557"/>
</kw>
<var name="${coin}">Moo Deng</var>
<status status="PASS" start="2026-01-19T16:15:12.508387" elapsed="0.013224"/>
</iter>
<iter>
<kw name="Format String" owner="String">
<msg time="2026-01-19T16:15:12.521611" level="INFO">${row_locator} = xpath=//tbody//tr[.//div[contains(@class,'text-product_h6') and normalize-space(.)='USD Tether']]</msg>
<var>${row_locator}</var>
<arg>${tbl_trade_market_coin_name}</arg>
<arg>${coin}</arg>
<doc>Formats a ``template`` using the given ``positional`` and ``named`` arguments.</doc>
<status status="PASS" start="2026-01-19T16:15:12.521611" elapsed="0.000000"/>
</kw>
<kw name="Wait For Elements State" owner="Browser">
<msg time="2026-01-19T16:15:12.530690" level="INFO">Waited for Element with selector xpath=//tbody//tr[.//div[contains(@class,'text-product_h6') and normalize-space(.)='USD Tether']] at state visible</msg>
<arg>${row_locator}</arg>
<tag>PageContent</tag>
<tag>Wait</tag>
<doc>Waits for the element found by ``selector`` to satisfy state option.</doc>
<status status="PASS" start="2026-01-19T16:15:12.521611" elapsed="0.009079"/>
</kw>
<var name="${coin}">USD Tether</var>
<status status="PASS" start="2026-01-19T16:15:12.521611" elapsed="0.009079"/>
</iter>
<var>${coin}</var>
<value>@{coin_names}</value>
<status status="PASS" start="2026-01-19T16:15:12.464019" elapsed="0.066671"/>
</for>
<kw name="Log To Console" owner="BuiltIn">
<arg>Selected Coin = ${coin_names}</arg>
<doc>Logs the given message to the console.</doc>
<status status="PASS" start="2026-01-19T16:15:12.530690" elapsed="0.000000"/>
</kw>
<arg>Bitcoin</arg>
<arg>Ethereum</arg>
<arg>Moo Deng</arg>
<arg>USD Tether</arg>
<status status="PASS" start="2026-01-19T16:15:12.344768" elapsed="0.185922"/>
</kw>
<kw name="Check Coin Price By Name" owner="market_feature">
<kw name="Get Coin Price" owner="market_page">
<kw name="Format String" owner="String">
<msg time="2026-01-19T16:15:12.530690" level="INFO">${price_locator} = xpath=//tbody//tr[.//div[contains(@class,'text-product_h6') and normalize-space(.)='Ethereum']]/td[2]</msg>
<var>${price_locator}</var>
<arg>${tbl_trade_market_coin_price}</arg>
<arg>${coin_name}</arg>
<doc>Formats a ``template`` using the given ``positional`` and ``named`` arguments.</doc>
<status status="PASS" start="2026-01-19T16:15:12.530690" elapsed="0.000000"/>
</kw>
<kw name="Wait For Elements State" owner="Browser">
<msg time="2026-01-19T16:15:12.569685" level="INFO">Waited for Element with selector xpath=//tbody//tr[.//div[contains(@class,'text-product_h6') and normalize-space(.)='Ethereum']]/td[2] at state visible</msg>
<arg>${price_locator}</arg>
<tag>PageContent</tag>
<tag>Wait</tag>
<doc>Waits for the element found by ``selector`` to satisfy state option.</doc>
<status status="PASS" start="2026-01-19T16:15:12.530690" elapsed="0.038995"/>
</kw>
<kw name="Get Text" owner="Browser">
<msg time="2026-01-19T16:15:12.606755" level="INFO">Text: '100,424.09 THB'</msg>
<msg time="2026-01-19T16:15:12.606755" level="INFO">${price} = 100,424.09 THB</msg>
<var>${price}</var>
<arg>${price_locator}</arg>
<tag>Assertion</tag>
<tag>Getter</tag>
<tag>PageContent</tag>
<doc>Returns text attribute of the element found by ``selector``.</doc>
<status status="PASS" start="2026-01-19T16:15:12.569685" elapsed="0.037070"/>
</kw>
<return>
<value>${price}</value>
<status status="PASS" start="2026-01-19T16:15:12.606755" elapsed="0.000000"/>
</return>
<msg time="2026-01-19T16:15:12.606755" level="INFO">${raw_price} = 100,424.09 THB</msg>
<var>${raw_price}</var>
<arg>${coin_name}</arg>
<status status="PASS" start="2026-01-19T16:15:12.530690" elapsed="0.076065"/>
</kw>
<kw name="Remove String" owner="String">
<msg time="2026-01-19T16:15:12.606755" level="INFO">${clean_price} = 100424.09 </msg>
<var>${clean_price}</var>
<arg>${raw_price}</arg>
<arg>THB</arg>
<arg>,</arg>
<doc>Removes all ``removables`` from the given ``string``.</doc>
<status status="PASS" start="2026-01-19T16:15:12.606755" elapsed="0.000000"/>
</kw>
<kw name="Convert To Number" owner="BuiltIn">
<msg time="2026-01-19T16:15:12.606755" level="INFO">${clean_price} = 100424.09</msg>
<var>${clean_price}</var>
<arg>${clean_price}</arg>
<doc>Converts the given item to a floating point number.</doc>
<status status="PASS" start="2026-01-19T16:15:12.606755" elapsed="0.000000"/>
</kw>
<kw name="Should Be True" owner="BuiltIn">
<arg>${clean_price} &gt; ${min_price}</arg>
<doc>Fails if the given condition is not true.</doc>
<status status="PASS" start="2026-01-19T16:15:12.606755" elapsed="0.000000"/>
</kw>
<kw name="Log To Console" owner="BuiltIn">
<arg>Total price of ${coin_name} = ${clean_price} (&gt; ${min_price})</arg>
<doc>Logs the given message to the console.</doc>
<status status="PASS" start="2026-01-19T16:15:12.606755" elapsed="0.003589"/>
</kw>
<arg>Ethereum</arg>
<arg>30000</arg>
<status status="PASS" start="2026-01-19T16:15:12.530690" elapsed="0.079654"/>
</kw>
<kw name="Close Browser" owner="common">
<kw name="Close Browser" owner="Browser">
<msg time="2026-01-19T16:15:13.404089" level="INFO">Closed browser</msg>
<tag>BrowserControl</tag>
<tag>Setter</tag>
<doc>Closes the current browser.</doc>
<status status="PASS" start="2026-01-19T16:15:12.610344" elapsed="0.793745"/>
</kw>
<status status="PASS" start="2026-01-19T16:15:12.610344" elapsed="0.793745"/>
</kw>
<status status="PASS" start="2026-01-19T16:15:05.164148" elapsed="8.239941"/>
</test>
<status status="PASS" start="2026-01-19T16:15:04.931658" elapsed="8.503316"/>
</suite>
<statistics>
<total>
<stat pass="1" fail="0" skip="0">All Tests</stat>
</total>
<tag>
</tag>
<suite>
<stat name="TC 001" id="s1" pass="1" fail="0" skip="0">TC 001</stat>
</suite>
</statistics>
<errors>
</errors>
</robot>
